<?xml version="1.0" encoding="UTF-8"?>
<!-- Generated by org.testng.reporters.JUnitReportReporter -->
<testsuite hostname="SOUBHAGYA-PC" failures="0" tests="1" name="tests.JSONSchemaValidator" time="6.391" errors="0" timestamp="2022-01-24T18:08:20 IST" skipped="0">
  <testcase classname="tests.JSONSchemaValidator" name="testGet" time="6.391"/>
  <system-out/>
</testsuite> <!-- tests.JSONSchemaValidator -->
