<?xml version="1.0" encoding="UTF-8"?>
<!-- Generated by org.testng.reporters.JUnitReportReporter -->
<testsuite hostname="SOUBHAGYA-PC" failures="0" tests="1" name="tests.GetAndPostExamples" time="5.599" errors="0" timestamp="2022-01-16T19:51:41 IST" skipped="0">
  <testcase classname="tests.GetAndPostExamples" name="testPost" time="5.599"/>
  <system-out/>
</testsuite> <!-- tests.GetAndPostExamples -->
