<?xml version="1.0" encoding="UTF-8"?>
<!-- Generated by org.testng.reporters.JUnitReportReporter -->
<testsuite hostname="SOUBHAGYA-PC" failures="0" tests="2" name="TC01_GET" time="9.914" errors="0" timestamp="2022-01-16T15:20:13 IST" skipped="0">
  <testcase classname="TC01_GET" name="test_01" time="4.658"/>
  <system-out/>
  <testcase classname="TC01_GET" name="test_02" time="5.256"/>
  <system-out/>
</testsuite> <!-- TC01_GET -->
