<?xml version="1.0" encoding="UTF-8"?>
<!-- Generated by org.testng.reporters.JUnitReportReporter -->
<testsuite hostname="SOUBHAGYA-PC" failures="0" tests="3" name="tests.PutPatchDeleteExamples" time="10.017" errors="0" timestamp="2022-01-16T20:05:52 IST" skipped="0">
  <testcase classname="tests.PutPatchDeleteExamples" name="testPut" time="2.088"/>
  <system-out/>
  <testcase classname="tests.PutPatchDeleteExamples" name="testDelete" time="5.746"/>
  <system-out/>
  <testcase classname="tests.PutPatchDeleteExamples" name="testPatch" time="2.183"/>
  <system-out/>
</testsuite> <!-- tests.PutPatchDeleteExamples -->
