<?xml version="1.0" encoding="UTF-8"?>
<!-- Generated by org.testng.reporters.JUnitReportReporter -->
<testsuite hostname="SOUBHAGYA-PC" failures="0" tests="2" name="tests.TestsExamples" time="6.858" errors="0" timestamp="2022-01-16T16:42:10 IST" skipped="0">
  <testcase classname="tests.TestsExamples" name="test_1" time="4.657"/>
  <system-out/>
  <testcase classname="tests.TestsExamples" name="test_2" time="2.201"/>
  <system-out/>
</testsuite> <!-- tests.TestsExamples -->
