<?xml version="1.0" encoding="UTF-8"?>
<!-- Generated by org.testng.reporters.JUnitReportReporter -->
<testsuite hostname="SOUBHAGYA-PC" failures="0" tests="1" name="tests.SoapXMLRequest" time="6.860" errors="0" timestamp="2022-01-24T17:35:31 IST" skipped="0">
  <testcase classname="tests.SoapXMLRequest" name="validateSoapXML" time="6.860"/>
  <system-out/>
</testsuite> <!-- tests.SoapXMLRequest -->
