<?xml version="1.0" encoding="UTF-8"?>
<!-- Generated by org.testng.reporters.JUnitReportReporter -->
<testsuite hostname="SOUBHAGYA-PC" failures="0" tests="1" name="tests.TestOnLocalAPI" time="3.467" errors="0" timestamp="2022-01-17T21:42:20 IST" skipped="0">
  <testcase classname="tests.TestOnLocalAPI" name="delete" time="3.467"/>
  <system-out/>
</testsuite> <!-- tests.TestOnLocalAPI -->
